[2023-07-03 12:05:49] production.ERROR: file_get_contents(H:\Laravel\laragon\www\laravel-photo-gallery-main\.env): Failed to open stream: No such file or directory {"exception":"[object] (ErrorException(code: 0): file_get_contents(H:\\Laravel\\laragon\\www\\laravel-photo-gallery-main\\.env): Failed to open stream: No such file or directory at H:\\Laravel\\laragon\\www\\laravel-photo-gallery-main\\vendor\\laravel\\framework\\src\\Illuminate\\Foundation\\Console\\KeyGenerateCommand.php:96)
[stacktrace]
#0 [internal function]: Illuminate\\Foundation\\Bootstrap\\HandleExceptions->handleError(2, 'file_get_conten...', 'H:\\\\Laravel\\\\lara...', 96)
#1 H:\\Laravel\\laragon\\www\\laravel-photo-gallery-main\\vendor\\laravel\\framework\\src\\Illuminate\\Foundation\\Console\\KeyGenerateCommand.php(96): file_get_contents('H:\\\\Laravel\\\\lara...')
#2 H:\\Laravel\\laragon\\www\\laravel-photo-gallery-main\\vendor\\laravel\\framework\\src\\Illuminate\\Foundation\\Console\\KeyGenerateCommand.php(80): Illuminate\\Foundation\\Console\\KeyGenerateCommand->writeNewEnvironmentFileWith('base64:y76Fo+bS...')
#3 H:\\Laravel\\laragon\\www\\laravel-photo-gallery-main\\vendor\\laravel\\framework\\src\\Illuminate\\Foundation\\Console\\KeyGenerateCommand.php(45): Illuminate\\Foundation\\Console\\KeyGenerateCommand->setKeyInEnvironmentFile('base64:y76Fo+bS...')
#4 H:\\Laravel\\laragon\\www\\laravel-photo-gallery-main\\vendor\\laravel\\framework\\src\\Illuminate\\Container\\BoundMethod.php(36): Illuminate\\Foundation\\Console\\KeyGenerateCommand->handle()
#5 H:\\Laravel\\laragon\\www\\laravel-photo-gallery-main\\vendor\\laravel\\framework\\src\\Illuminate\\Container\\Util.php(40): Illuminate\\Container\\BoundMethod::Illuminate\\Container\\{closure}()
#6 H:\\Laravel\\laragon\\www\\laravel-photo-gallery-main\\vendor\\laravel\\framework\\src\\Illuminate\\Container\\BoundMethod.php(93): Illuminate\\Container\\Util::unwrapIfClosure(Object(Closure))
#7 H:\\Laravel\\laragon\\www\\laravel-photo-gallery-main\\vendor\\laravel\\framework\\src\\Illuminate\\Container\\BoundMethod.php(37): Illuminate\\Container\\BoundMethod::callBoundMethod(Object(Illuminate\\Foundation\\Application), Array, Object(Closure))
#8 H:\\Laravel\\laragon\\www\\laravel-photo-gallery-main\\vendor\\laravel\\framework\\src\\Illuminate\\Container\\Container.php(653): Illuminate\\Container\\BoundMethod::call(Object(Illuminate\\Foundation\\Application), Array, Array, NULL)
#9 H:\\Laravel\\laragon\\www\\laravel-photo-gallery-main\\vendor\\laravel\\framework\\src\\Illuminate\\Console\\Command.php(136): Illuminate\\Container\\Container->call(Array)
#10 H:\\Laravel\\laragon\\www\\laravel-photo-gallery-main\\vendor\\symfony\\console\\Command\\Command.php(298): Illuminate\\Console\\Command->execute(Object(Symfony\\Component\\Console\\Input\\ArgvInput), Object(Illuminate\\Console\\OutputStyle))
#11 H:\\Laravel\\laragon\\www\\laravel-photo-gallery-main\\vendor\\laravel\\framework\\src\\Illuminate\\Console\\Command.php(121): Symfony\\Component\\Console\\Command\\Command->run(Object(Symfony\\Component\\Console\\Input\\ArgvInput), Object(Illuminate\\Console\\OutputStyle))
#12 H:\\Laravel\\laragon\\www\\laravel-photo-gallery-main\\vendor\\symfony\\console\\Application.php(1040): Illuminate\\Console\\Command->run(Object(Symfony\\Component\\Console\\Input\\ArgvInput), Object(Symfony\\Component\\Console\\Output\\ConsoleOutput))
#13 H:\\Laravel\\laragon\\www\\laravel-photo-gallery-main\\vendor\\symfony\\console\\Application.php(301): Symfony\\Component\\Console\\Application->doRunCommand(Object(Illuminate\\Foundation\\Console\\KeyGenerateCommand), Object(Symfony\\Component\\Console\\Input\\ArgvInput), Object(Symfony\\Component\\Console\\Output\\ConsoleOutput))
#14 H:\\Laravel\\laragon\\www\\laravel-photo-gallery-main\\vendor\\symfony\\console\\Application.php(171): Symfony\\Component\\Console\\Application->doRun(Object(Symfony\\Component\\Console\\Input\\ArgvInput), Object(Symfony\\Component\\Console\\Output\\ConsoleOutput))
#15 H:\\Laravel\\laragon\\www\\laravel-photo-gallery-main\\vendor\\laravel\\framework\\src\\Illuminate\\Console\\Application.php(94): Symfony\\Component\\Console\\Application->run(Object(Symfony\\Component\\Console\\Input\\ArgvInput), Object(Symfony\\Component\\Console\\Output\\ConsoleOutput))
#16 H:\\Laravel\\laragon\\www\\laravel-photo-gallery-main\\vendor\\laravel\\framework\\src\\Illuminate\\Foundation\\Console\\Kernel.php(129): Illuminate\\Console\\Application->run(Object(Symfony\\Component\\Console\\Input\\ArgvInput), Object(Symfony\\Component\\Console\\Output\\ConsoleOutput))
#17 H:\\Laravel\\laragon\\www\\laravel-photo-gallery-main\\artisan(37): Illuminate\\Foundation\\Console\\Kernel->handle(Object(Symfony\\Component\\Console\\Input\\ArgvInput), Object(Symfony\\Component\\Console\\Output\\ConsoleOutput))
#18 {main}
"} 
[2023-07-03 12:06:20] local.ERROR: SQLSTATE[HY000] [1049] Unknown database 'gallery' (SQL: select * from information_schema.tables where table_schema = gallery and table_name = migrations and table_type = 'BASE TABLE') {"exception":"[object] (Illuminate\\Database\\QueryException(code: 1049): SQLSTATE[HY000] [1049] Unknown database 'gallery' (SQL: select * from information_schema.tables where table_schema = gallery and table_name = migrations and table_type = 'BASE TABLE') at H:\\Laravel\\laragon\\www\\laravel-photo-gallery-main\\vendor\\laravel\\framework\\src\\Illuminate\\Database\\Connection.php:712)
[stacktrace]
#0 H:\\Laravel\\laragon\\www\\laravel-photo-gallery-main\\vendor\\laravel\\framework\\src\\Illuminate\\Database\\Connection.php(672): Illuminate\\Database\\Connection->runQueryCallback('select * from i...', Array, Object(Closure))
#1 H:\\Laravel\\laragon\\www\\laravel-photo-gallery-main\\vendor\\laravel\\framework\\src\\Illuminate\\Database\\Connection.php(376): Illuminate\\Database\\Connection->run('select * from i...', Array, Object(Closure))
#2 H:\\Laravel\\laragon\\www\\laravel-photo-gallery-main\\vendor\\laravel\\framework\\src\\Illuminate\\Database\\Schema\\MySqlBuilder.php(44): Illuminate\\Database\\Connection->select('select * from i...', Array)
#3 H:\\Laravel\\laragon\\www\\laravel-photo-gallery-main\\vendor\\laravel\\framework\\src\\Illuminate\\Database\\Migrations\\DatabaseMigrationRepository.php(169): Illuminate\\Database\\Schema\\MySqlBuilder->hasTable('migrations')
#4 H:\\Laravel\\laragon\\www\\laravel-photo-gallery-main\\vendor\\laravel\\framework\\src\\Illuminate\\Database\\Migrations\\Migrator.php(673): Illuminate\\Database\\Migrations\\DatabaseMigrationRepository->repositoryExists()
#5 H:\\Laravel\\laragon\\www\\laravel-photo-gallery-main\\vendor\\laravel\\framework\\src\\Illuminate\\Database\\Console\\Migrations\\MigrateCommand.php(110): Illuminate\\Database\\Migrations\\Migrator->repositoryExists()
#6 H:\\Laravel\\laragon\\www\\laravel-photo-gallery-main\\vendor\\laravel\\framework\\src\\Illuminate\\Database\\Console\\Migrations\\MigrateCommand.php(78): Illuminate\\Database\\Console\\Migrations\\MigrateCommand->prepareDatabase()
#7 H:\\Laravel\\laragon\\www\\laravel-photo-gallery-main\\vendor\\laravel\\framework\\src\\Illuminate\\Database\\Migrations\\Migrator.php(606): Illuminate\\Database\\Console\\Migrations\\MigrateCommand->Illuminate\\Database\\Console\\Migrations\\{closure}()
#8 H:\\Laravel\\laragon\\www\\laravel-photo-gallery-main\\vendor\\laravel\\framework\\src\\Illuminate\\Database\\Console\\Migrations\\MigrateCommand.php(98): Illuminate\\Database\\Migrations\\Migrator->usingConnection(NULL, Object(Closure))
#9 H:\\Laravel\\laragon\\www\\laravel-photo-gallery-main\\vendor\\laravel\\framework\\src\\Illuminate\\Container\\BoundMethod.php(36): Illuminate\\Database\\Console\\Migrations\\MigrateCommand->handle()
#10 H:\\Laravel\\laragon\\www\\laravel-photo-gallery-main\\vendor\\laravel\\framework\\src\\Illuminate\\Container\\Util.php(40): Illuminate\\Container\\BoundMethod::Illuminate\\Container\\{closure}()
#11 H:\\Laravel\\laragon\\www\\laravel-photo-gallery-main\\vendor\\laravel\\framework\\src\\Illuminate\\Container\\BoundMethod.php(93): Illuminate\\Container\\Util::unwrapIfClosure(Object(Closure))
#12 H:\\Laravel\\laragon\\www\\laravel-photo-gallery-main\\vendor\\laravel\\framework\\src\\Illuminate\\Container\\BoundMethod.php(37): Illuminate\\Container\\BoundMethod::callBoundMethod(Object(Illuminate\\Foundation\\Application), Array, Object(Closure))
#13 H:\\Laravel\\laragon\\www\\laravel-photo-gallery-main\\vendor\\laravel\\framework\\src\\Illuminate\\Container\\Container.php(653): Illuminate\\Container\\BoundMethod::call(Object(Illuminate\\Foundation\\Application), Array, Array, NULL)
#14 H:\\Laravel\\laragon\\www\\laravel-photo-gallery-main\\vendor\\laravel\\framework\\src\\Illuminate\\Console\\Command.php(136): Illuminate\\Container\\Container->call(Array)
#15 H:\\Laravel\\laragon\\www\\laravel-photo-gallery-main\\vendor\\symfony\\console\\Command\\Command.php(298): Illuminate\\Console\\Command->execute(Object(Symfony\\Component\\Console\\Input\\ArgvInput), Object(Illuminate\\Console\\OutputStyle))
#16 H:\\Laravel\\laragon\\www\\laravel-photo-gallery-main\\vendor\\laravel\\framework\\src\\Illuminate\\Console\\Command.php(121): Symfony\\Component\\Console\\Command\\Command->run(Object(Symfony\\Component\\Console\\Input\\ArgvInput), Object(Illuminate\\Console\\OutputStyle))
#17 H:\\Laravel\\laragon\\www\\laravel-photo-gallery-main\\vendor\\symfony\\console\\Application.php(1040): Illuminate\\Console\\Command->run(Object(Symfony\\Component\\Console\\Input\\ArgvInput), Object(Symfony\\Component\\Console\\Output\\ConsoleOutput))
#18 H:\\Laravel\\laragon\\www\\laravel-photo-gallery-main\\vendor\\symfony\\console\\Application.php(301): Symfony\\Component\\Console\\Application->doRunCommand(Object(Illuminate\\Database\\Console\\Migrations\\MigrateCommand), Object(Symfony\\Component\\Console\\Input\\ArgvInput), Object(Symfony\\Component\\Console\\Output\\ConsoleOutput))
#19 H:\\Laravel\\laragon\\www\\laravel-photo-gallery-main\\vendor\\symfony\\console\\Application.php(171): Symfony\\Component\\Console\\Application->doRun(Object(Symfony\\Component\\Console\\Input\\ArgvInput), Object(Symfony\\Component\\Console\\Output\\ConsoleOutput))
#20 H:\\Laravel\\laragon\\www\\laravel-photo-gallery-main\\vendor\\laravel\\framework\\src\\Illuminate\\Console\\Application.php(94): Symfony\\Component\\Console\\Application->run(Object(Symfony\\Component\\Console\\Input\\ArgvInput), Object(Symfony\\Component\\Console\\Output\\ConsoleOutput))
#21 H:\\Laravel\\laragon\\www\\laravel-photo-gallery-main\\vendor\\laravel\\framework\\src\\Illuminate\\Foundation\\Console\\Kernel.php(129): Illuminate\\Console\\Application->run(Object(Symfony\\Component\\Console\\Input\\ArgvInput), Object(Symfony\\Component\\Console\\Output\\ConsoleOutput))
#22 H:\\Laravel\\laragon\\www\\laravel-photo-gallery-main\\artisan(37): Illuminate\\Foundation\\Console\\Kernel->handle(Object(Symfony\\Component\\Console\\Input\\ArgvInput), Object(Symfony\\Component\\Console\\Output\\ConsoleOutput))
#23 {main}

[previous exception] [object] (PDOException(code: 1049): SQLSTATE[HY000] [1049] Unknown database 'gallery' at H:\\Laravel\\laragon\\www\\laravel-photo-gallery-main\\vendor\\laravel\\framework\\src\\Illuminate\\Database\\Connectors\\Connector.php:70)
[stacktrace]
#0 H:\\Laravel\\laragon\\www\\laravel-photo-gallery-main\\vendor\\laravel\\framework\\src\\Illuminate\\Database\\Connectors\\Connector.php(70): PDO->__construct('mysql:host=127....', 'root', '', Array)
#1 H:\\Laravel\\laragon\\www\\laravel-photo-gallery-main\\vendor\\laravel\\framework\\src\\Illuminate\\Database\\Connectors\\Connector.php(46): Illuminate\\Database\\Connectors\\Connector->createPdoConnection('mysql:host=127....', 'root', '', Array)
#2 H:\\Laravel\\laragon\\www\\laravel-photo-gallery-main\\vendor\\laravel\\framework\\src\\Illuminate\\Database\\Connectors\\MySqlConnector.php(24): Illuminate\\Database\\Connectors\\Connector->createConnection('mysql:host=127....', Array, Array)
#3 H:\\Laravel\\laragon\\www\\laravel-photo-gallery-main\\vendor\\laravel\\framework\\src\\Illuminate\\Database\\Connectors\\ConnectionFactory.php(184): Illuminate\\Database\\Connectors\\MySqlConnector->connect(Array)
#4 [internal function]: Illuminate\\Database\\Connectors\\ConnectionFactory->Illuminate\\Database\\Connectors\\{closure}()
#5 H:\\Laravel\\laragon\\www\\laravel-photo-gallery-main\\vendor\\laravel\\framework\\src\\Illuminate\\Database\\Connection.php(1064): call_user_func(Object(Closure))
#6 H:\\Laravel\\laragon\\www\\laravel-photo-gallery-main\\vendor\\laravel\\framework\\src\\Illuminate\\Database\\Connection.php(1100): Illuminate\\Database\\Connection->getPdo()
#7 H:\\Laravel\\laragon\\www\\laravel-photo-gallery-main\\vendor\\laravel\\framework\\src\\Illuminate\\Database\\Connection.php(442): Illuminate\\Database\\Connection->getReadPdo()
#8 H:\\Laravel\\laragon\\www\\laravel-photo-gallery-main\\vendor\\laravel\\framework\\src\\Illuminate\\Database\\Connection.php(368): Illuminate\\Database\\Connection->getPdoForSelect(true)
#9 H:\\Laravel\\laragon\\www\\laravel-photo-gallery-main\\vendor\\laravel\\framework\\src\\Illuminate\\Database\\Connection.php(705): Illuminate\\Database\\Connection->Illuminate\\Database\\{closure}('select * from i...', Array)
#10 H:\\Laravel\\laragon\\www\\laravel-photo-gallery-main\\vendor\\laravel\\framework\\src\\Illuminate\\Database\\Connection.php(672): Illuminate\\Database\\Connection->runQueryCallback('select * from i...', Array, Object(Closure))
#11 H:\\Laravel\\laragon\\www\\laravel-photo-gallery-main\\vendor\\laravel\\framework\\src\\Illuminate\\Database\\Connection.php(376): Illuminate\\Database\\Connection->run('select * from i...', Array, Object(Closure))
#12 H:\\Laravel\\laragon\\www\\laravel-photo-gallery-main\\vendor\\laravel\\framework\\src\\Illuminate\\Database\\Schema\\MySqlBuilder.php(44): Illuminate\\Database\\Connection->select('select * from i...', Array)
#13 H:\\Laravel\\laragon\\www\\laravel-photo-gallery-main\\vendor\\laravel\\framework\\src\\Illuminate\\Database\\Migrations\\DatabaseMigrationRepository.php(169): Illuminate\\Database\\Schema\\MySqlBuilder->hasTable('migrations')
#14 H:\\Laravel\\laragon\\www\\laravel-photo-gallery-main\\vendor\\laravel\\framework\\src\\Illuminate\\Database\\Migrations\\Migrator.php(673): Illuminate\\Database\\Migrations\\DatabaseMigrationRepository->repositoryExists()
#15 H:\\Laravel\\laragon\\www\\laravel-photo-gallery-main\\vendor\\laravel\\framework\\src\\Illuminate\\Database\\Console\\Migrations\\MigrateCommand.php(110): Illuminate\\Database\\Migrations\\Migrator->repositoryExists()
#16 H:\\Laravel\\laragon\\www\\laravel-photo-gallery-main\\vendor\\laravel\\framework\\src\\Illuminate\\Database\\Console\\Migrations\\MigrateCommand.php(78): Illuminate\\Database\\Console\\Migrations\\MigrateCommand->prepareDatabase()
#17 H:\\Laravel\\laragon\\www\\laravel-photo-gallery-main\\vendor\\laravel\\framework\\src\\Illuminate\\Database\\Migrations\\Migrator.php(606): Illuminate\\Database\\Console\\Migrations\\MigrateCommand->Illuminate\\Database\\Console\\Migrations\\{closure}()
#18 H:\\Laravel\\laragon\\www\\laravel-photo-gallery-main\\vendor\\laravel\\framework\\src\\Illuminate\\Database\\Console\\Migrations\\MigrateCommand.php(98): Illuminate\\Database\\Migrations\\Migrator->usingConnection(NULL, Object(Closure))
#19 H:\\Laravel\\laragon\\www\\laravel-photo-gallery-main\\vendor\\laravel\\framework\\src\\Illuminate\\Container\\BoundMethod.php(36): Illuminate\\Database\\Console\\Migrations\\MigrateCommand->handle()
#20 H:\\Laravel\\laragon\\www\\laravel-photo-gallery-main\\vendor\\laravel\\framework\\src\\Illuminate\\Container\\Util.php(40): Illuminate\\Container\\BoundMethod::Illuminate\\Container\\{closure}()
#21 H:\\Laravel\\laragon\\www\\laravel-photo-gallery-main\\vendor\\laravel\\framework\\src\\Illuminate\\Container\\BoundMethod.php(93): Illuminate\\Container\\Util::unwrapIfClosure(Object(Closure))
#22 H:\\Laravel\\laragon\\www\\laravel-photo-gallery-main\\vendor\\laravel\\framework\\src\\Illuminate\\Container\\BoundMethod.php(37): Illuminate\\Container\\BoundMethod::callBoundMethod(Object(Illuminate\\Foundation\\Application), Array, Object(Closure))
#23 H:\\Laravel\\laragon\\www\\laravel-photo-gallery-main\\vendor\\laravel\\framework\\src\\Illuminate\\Container\\Container.php(653): Illuminate\\Container\\BoundMethod::call(Object(Illuminate\\Foundation\\Application), Array, Array, NULL)
#24 H:\\Laravel\\laragon\\www\\laravel-photo-gallery-main\\vendor\\laravel\\framework\\src\\Illuminate\\Console\\Command.php(136): Illuminate\\Container\\Container->call(Array)
#25 H:\\Laravel\\laragon\\www\\laravel-photo-gallery-main\\vendor\\symfony\\console\\Command\\Command.php(298): Illuminate\\Console\\Command->execute(Object(Symfony\\Component\\Console\\Input\\ArgvInput), Object(Illuminate\\Console\\OutputStyle))
#26 H:\\Laravel\\laragon\\www\\laravel-photo-gallery-main\\vendor\\laravel\\framework\\src\\Illuminate\\Console\\Command.php(121): Symfony\\Component\\Console\\Command\\Command->run(Object(Symfony\\Component\\Console\\Input\\ArgvInput), Object(Illuminate\\Console\\OutputStyle))
#27 H:\\Laravel\\laragon\\www\\laravel-photo-gallery-main\\vendor\\symfony\\console\\Application.php(1040): Illuminate\\Console\\Command->run(Object(Symfony\\Component\\Console\\Input\\ArgvInput), Object(Symfony\\Component\\Console\\Output\\ConsoleOutput))
#28 H:\\Laravel\\laragon\\www\\laravel-photo-gallery-main\\vendor\\symfony\\console\\Application.php(301): Symfony\\Component\\Console\\Application->doRunCommand(Object(Illuminate\\Database\\Console\\Migrations\\MigrateCommand), Object(Symfony\\Component\\Console\\Input\\ArgvInput), Object(Symfony\\Component\\Console\\Output\\ConsoleOutput))
#29 H:\\Laravel\\laragon\\www\\laravel-photo-gallery-main\\vendor\\symfony\\console\\Application.php(171): Symfony\\Component\\Console\\Application->doRun(Object(Symfony\\Component\\Console\\Input\\ArgvInput), Object(Symfony\\Component\\Console\\Output\\ConsoleOutput))
#30 H:\\Laravel\\laragon\\www\\laravel-photo-gallery-main\\vendor\\laravel\\framework\\src\\Illuminate\\Console\\Application.php(94): Symfony\\Component\\Console\\Application->run(Object(Symfony\\Component\\Console\\Input\\ArgvInput), Object(Symfony\\Component\\Console\\Output\\ConsoleOutput))
#31 H:\\Laravel\\laragon\\www\\laravel-photo-gallery-main\\vendor\\laravel\\framework\\src\\Illuminate\\Foundation\\Console\\Kernel.php(129): Illuminate\\Console\\Application->run(Object(Symfony\\Component\\Console\\Input\\ArgvInput), Object(Symfony\\Component\\Console\\Output\\ConsoleOutput))
#32 H:\\Laravel\\laragon\\www\\laravel-photo-gallery-main\\artisan(37): Illuminate\\Foundation\\Console\\Kernel->handle(Object(Symfony\\Component\\Console\\Input\\ArgvInput), Object(Symfony\\Component\\Console\\Output\\ConsoleOutput))
#33 {main}
"} 
[2023-07-06 06:13:32] local.ERROR: Class "Fideloper\Proxy\TrustProxies" not found {"exception":"[object] (Error(code: 0): Class \"Fideloper\\Proxy\\TrustProxies\" not found at H:\\Laravel\\laragon\\www\\wedding-photo-portfolio\\app\\Http\\Middleware\\TrustProxies.php:8)
[stacktrace]
#0 H:\\Laravel\\laragon\\www\\wedding-photo-portfolio\\vendor\\composer\\ClassLoader.php(576): include()
#1 H:\\Laravel\\laragon\\www\\wedding-photo-portfolio\\vendor\\composer\\ClassLoader.php(427): Composer\\Autoload\\{closure}('H:\\\\Laravel\\\\lara...')
#2 [internal function]: Composer\\Autoload\\ClassLoader->loadClass('App\\\\Http\\\\Middle...')
#3 H:\\Laravel\\laragon\\www\\wedding-photo-portfolio\\vendor\\laravel\\framework\\src\\Illuminate\\Container\\Container.php(912): ReflectionClass->__construct('App\\\\Http\\\\Middle...')
#4 H:\\Laravel\\laragon\\www\\wedding-photo-portfolio\\vendor\\laravel\\framework\\src\\Illuminate\\Container\\Container.php(795): Illuminate\\Container\\Container->build('App\\\\Http\\\\Middle...')
#5 H:\\Laravel\\laragon\\www\\wedding-photo-portfolio\\vendor\\laravel\\framework\\src\\Illuminate\\Foundation\\Application.php(933): Illuminate\\Container\\Container->resolve('App\\\\Http\\\\Middle...', Array, true)
#6 H:\\Laravel\\laragon\\www\\wedding-photo-portfolio\\vendor\\laravel\\framework\\src\\Illuminate\\Container\\Container.php(731): Illuminate\\Foundation\\Application->resolve('App\\\\Http\\\\Middle...', Array)
#7 H:\\Laravel\\laragon\\www\\wedding-photo-portfolio\\vendor\\laravel\\framework\\src\\Illuminate\\Foundation\\Application.php(918): Illuminate\\Container\\Container->make('App\\\\Http\\\\Middle...', Array)
#8 H:\\Laravel\\laragon\\www\\wedding-photo-portfolio\\vendor\\laravel\\framework\\src\\Illuminate\\Pipeline\\Pipeline.php(169): Illuminate\\Foundation\\Application->make('App\\\\Http\\\\Middle...')
#9 H:\\Laravel\\laragon\\www\\wedding-photo-portfolio\\vendor\\laravel\\framework\\src\\Illuminate\\Pipeline\\Pipeline.php(116): Illuminate\\Pipeline\\Pipeline->Illuminate\\Pipeline\\{closure}(Object(Illuminate\\Http\\Request))
#10 H:\\Laravel\\laragon\\www\\wedding-photo-portfolio\\vendor\\laravel\\framework\\src\\Illuminate\\Foundation\\Http\\Kernel.php(175): Illuminate\\Pipeline\\Pipeline->then(Object(Closure))
#11 H:\\Laravel\\laragon\\www\\wedding-photo-portfolio\\vendor\\laravel\\framework\\src\\Illuminate\\Foundation\\Http\\Kernel.php(144): Illuminate\\Foundation\\Http\\Kernel->sendRequestThroughRouter(Object(Illuminate\\Http\\Request))
#12 H:\\Laravel\\laragon\\www\\wedding-photo-portfolio\\public\\index.php(52): Illuminate\\Foundation\\Http\\Kernel->handle(Object(Illuminate\\Http\\Request))
#13 H:\\Laravel\\laragon\\www\\wedding-photo-portfolio\\vendor\\laravel\\framework\\src\\Illuminate\\Foundation\\resources\\server.php(16): require_once('H:\\\\Laravel\\\\lara...')
#14 {main}
"} 
[2023-07-06 06:13:33] local.ERROR: Class "Fideloper\Proxy\TrustProxies" not found {"exception":"[object] (Error(code: 0): Class \"Fideloper\\Proxy\\TrustProxies\" not found at H:\\Laravel\\laragon\\www\\wedding-photo-portfolio\\app\\Http\\Middleware\\TrustProxies.php:8)
[stacktrace]
#0 H:\\Laravel\\laragon\\www\\wedding-photo-portfolio\\vendor\\composer\\ClassLoader.php(576): include()
#1 H:\\Laravel\\laragon\\www\\wedding-photo-portfolio\\vendor\\composer\\ClassLoader.php(427): Composer\\Autoload\\{closure}('H:\\\\Laravel\\\\lara...')
#2 [internal function]: Composer\\Autoload\\ClassLoader->loadClass('App\\\\Http\\\\Middle...')
#3 H:\\Laravel\\laragon\\www\\wedding-photo-portfolio\\vendor\\laravel\\framework\\src\\Illuminate\\Container\\Container.php(912): ReflectionClass->__construct('App\\\\Http\\\\Middle...')
#4 H:\\Laravel\\laragon\\www\\wedding-photo-portfolio\\vendor\\laravel\\framework\\src\\Illuminate\\Container\\Container.php(795): Illuminate\\Container\\Container->build('App\\\\Http\\\\Middle...')
#5 H:\\Laravel\\laragon\\www\\wedding-photo-portfolio\\vendor\\laravel\\framework\\src\\Illuminate\\Foundation\\Application.php(933): Illuminate\\Container\\Container->resolve('App\\\\Http\\\\Middle...', Array, true)
#6 H:\\Laravel\\laragon\\www\\wedding-photo-portfolio\\vendor\\laravel\\framework\\src\\Illuminate\\Container\\Container.php(731): Illuminate\\Foundation\\Application->resolve('App\\\\Http\\\\Middle...', Array)
#7 H:\\Laravel\\laragon\\www\\wedding-photo-portfolio\\vendor\\laravel\\framework\\src\\Illuminate\\Foundation\\Application.php(918): Illuminate\\Container\\Container->make('App\\\\Http\\\\Middle...', Array)
#8 H:\\Laravel\\laragon\\www\\wedding-photo-portfolio\\vendor\\laravel\\framework\\src\\Illuminate\\Foundation\\Http\\Kernel.php(255): Illuminate\\Foundation\\Application->make('App\\\\Http\\\\Middle...')
#9 H:\\Laravel\\laragon\\www\\wedding-photo-portfolio\\vendor\\laravel\\framework\\src\\Illuminate\\Foundation\\Http\\Kernel.php(213): Illuminate\\Foundation\\Http\\Kernel->terminateMiddleware(Object(Illuminate\\Http\\Request), Object(Illuminate\\Http\\Response))
#10 H:\\Laravel\\laragon\\www\\wedding-photo-portfolio\\public\\index.php(55): Illuminate\\Foundation\\Http\\Kernel->terminate(Object(Illuminate\\Http\\Request), Object(Illuminate\\Http\\Response))
#11 H:\\Laravel\\laragon\\www\\wedding-photo-portfolio\\vendor\\laravel\\framework\\src\\Illuminate\\Foundation\\resources\\server.php(16): require_once('H:\\\\Laravel\\\\lara...')
#12 {main}
"} 
[2023-07-06 06:13:36] local.ERROR: Class "Fideloper\Proxy\TrustProxies" not found {"exception":"[object] (Error(code: 0): Class \"Fideloper\\Proxy\\TrustProxies\" not found at H:\\Laravel\\laragon\\www\\wedding-photo-portfolio\\app\\Http\\Middleware\\TrustProxies.php:8)
[stacktrace]
#0 H:\\Laravel\\laragon\\www\\wedding-photo-portfolio\\vendor\\composer\\ClassLoader.php(576): include()
#1 H:\\Laravel\\laragon\\www\\wedding-photo-portfolio\\vendor\\composer\\ClassLoader.php(427): Composer\\Autoload\\{closure}('H:\\\\Laravel\\\\lara...')
#2 [internal function]: Composer\\Autoload\\ClassLoader->loadClass('App\\\\Http\\\\Middle...')
#3 H:\\Laravel\\laragon\\www\\wedding-photo-portfolio\\vendor\\laravel\\framework\\src\\Illuminate\\Container\\Container.php(912): ReflectionClass->__construct('App\\\\Http\\\\Middle...')
#4 H:\\Laravel\\laragon\\www\\wedding-photo-portfolio\\vendor\\laravel\\framework\\src\\Illuminate\\Container\\Container.php(795): Illuminate\\Container\\Container->build('App\\\\Http\\\\Middle...')
#5 H:\\Laravel\\laragon\\www\\wedding-photo-portfolio\\vendor\\laravel\\framework\\src\\Illuminate\\Foundation\\Application.php(933): Illuminate\\Container\\Container->resolve('App\\\\Http\\\\Middle...', Array, true)
#6 H:\\Laravel\\laragon\\www\\wedding-photo-portfolio\\vendor\\laravel\\framework\\src\\Illuminate\\Container\\Container.php(731): Illuminate\\Foundation\\Application->resolve('App\\\\Http\\\\Middle...', Array)
#7 H:\\Laravel\\laragon\\www\\wedding-photo-portfolio\\vendor\\laravel\\framework\\src\\Illuminate\\Foundation\\Application.php(918): Illuminate\\Container\\Container->make('App\\\\Http\\\\Middle...', Array)
#8 H:\\Laravel\\laragon\\www\\wedding-photo-portfolio\\vendor\\laravel\\framework\\src\\Illuminate\\Pipeline\\Pipeline.php(169): Illuminate\\Foundation\\Application->make('App\\\\Http\\\\Middle...')
#9 H:\\Laravel\\laragon\\www\\wedding-photo-portfolio\\vendor\\laravel\\framework\\src\\Illuminate\\Pipeline\\Pipeline.php(116): Illuminate\\Pipeline\\Pipeline->Illuminate\\Pipeline\\{closure}(Object(Illuminate\\Http\\Request))
#10 H:\\Laravel\\laragon\\www\\wedding-photo-portfolio\\vendor\\laravel\\framework\\src\\Illuminate\\Foundation\\Http\\Kernel.php(175): Illuminate\\Pipeline\\Pipeline->then(Object(Closure))
#11 H:\\Laravel\\laragon\\www\\wedding-photo-portfolio\\vendor\\laravel\\framework\\src\\Illuminate\\Foundation\\Http\\Kernel.php(144): Illuminate\\Foundation\\Http\\Kernel->sendRequestThroughRouter(Object(Illuminate\\Http\\Request))
#12 H:\\Laravel\\laragon\\www\\wedding-photo-portfolio\\public\\index.php(52): Illuminate\\Foundation\\Http\\Kernel->handle(Object(Illuminate\\Http\\Request))
#13 H:\\Laravel\\laragon\\www\\wedding-photo-portfolio\\vendor\\laravel\\framework\\src\\Illuminate\\Foundation\\resources\\server.php(16): require_once('H:\\\\Laravel\\\\lara...')
#14 {main}
"} 
[2023-07-06 06:13:37] local.ERROR: Class "Fideloper\Proxy\TrustProxies" not found {"exception":"[object] (Error(code: 0): Class \"Fideloper\\Proxy\\TrustProxies\" not found at H:\\Laravel\\laragon\\www\\wedding-photo-portfolio\\app\\Http\\Middleware\\TrustProxies.php:8)
[stacktrace]
#0 H:\\Laravel\\laragon\\www\\wedding-photo-portfolio\\vendor\\composer\\ClassLoader.php(576): include()
#1 H:\\Laravel\\laragon\\www\\wedding-photo-portfolio\\vendor\\composer\\ClassLoader.php(427): Composer\\Autoload\\{closure}('H:\\\\Laravel\\\\lara...')
#2 [internal function]: Composer\\Autoload\\ClassLoader->loadClass('App\\\\Http\\\\Middle...')
#3 H:\\Laravel\\laragon\\www\\wedding-photo-portfolio\\vendor\\laravel\\framework\\src\\Illuminate\\Container\\Container.php(912): ReflectionClass->__construct('App\\\\Http\\\\Middle...')
#4 H:\\Laravel\\laragon\\www\\wedding-photo-portfolio\\vendor\\laravel\\framework\\src\\Illuminate\\Container\\Container.php(795): Illuminate\\Container\\Container->build('App\\\\Http\\\\Middle...')
#5 H:\\Laravel\\laragon\\www\\wedding-photo-portfolio\\vendor\\laravel\\framework\\src\\Illuminate\\Foundation\\Application.php(933): Illuminate\\Container\\Container->resolve('App\\\\Http\\\\Middle...', Array, true)
#6 H:\\Laravel\\laragon\\www\\wedding-photo-portfolio\\vendor\\laravel\\framework\\src\\Illuminate\\Container\\Container.php(731): Illuminate\\Foundation\\Application->resolve('App\\\\Http\\\\Middle...', Array)
#7 H:\\Laravel\\laragon\\www\\wedding-photo-portfolio\\vendor\\laravel\\framework\\src\\Illuminate\\Foundation\\Application.php(918): Illuminate\\Container\\Container->make('App\\\\Http\\\\Middle...', Array)
#8 H:\\Laravel\\laragon\\www\\wedding-photo-portfolio\\vendor\\laravel\\framework\\src\\Illuminate\\Foundation\\Http\\Kernel.php(255): Illuminate\\Foundation\\Application->make('App\\\\Http\\\\Middle...')
#9 H:\\Laravel\\laragon\\www\\wedding-photo-portfolio\\vendor\\laravel\\framework\\src\\Illuminate\\Foundation\\Http\\Kernel.php(213): Illuminate\\Foundation\\Http\\Kernel->terminateMiddleware(Object(Illuminate\\Http\\Request), Object(Illuminate\\Http\\Response))
#10 H:\\Laravel\\laragon\\www\\wedding-photo-portfolio\\public\\index.php(55): Illuminate\\Foundation\\Http\\Kernel->terminate(Object(Illuminate\\Http\\Request), Object(Illuminate\\Http\\Response))
#11 H:\\Laravel\\laragon\\www\\wedding-photo-portfolio\\vendor\\laravel\\framework\\src\\Illuminate\\Foundation\\resources\\server.php(16): require_once('H:\\\\Laravel\\\\lara...')
#12 {main}
"} 
[2023-07-06 06:49:16] local.ERROR: Class "Fideloper\Proxy\TrustProxies" not found {"exception":"[object] (Error(code: 0): Class \"Fideloper\\Proxy\\TrustProxies\" not found at H:\\Laravel\\laragon\\www\\wedding-photo-portfolio\\app\\Http\\Middleware\\TrustProxies.php:8)
[stacktrace]
#0 H:\\Laravel\\laragon\\www\\wedding-photo-portfolio\\vendor\\composer\\ClassLoader.php(576): include()
#1 H:\\Laravel\\laragon\\www\\wedding-photo-portfolio\\vendor\\composer\\ClassLoader.php(427): Composer\\Autoload\\{closure}('H:\\\\Laravel\\\\lara...')
#2 [internal function]: Composer\\Autoload\\ClassLoader->loadClass('App\\\\Http\\\\Middle...')
#3 H:\\Laravel\\laragon\\www\\wedding-photo-portfolio\\vendor\\laravel\\framework\\src\\Illuminate\\Container\\Container.php(912): ReflectionClass->__construct('App\\\\Http\\\\Middle...')
#4 H:\\Laravel\\laragon\\www\\wedding-photo-portfolio\\vendor\\laravel\\framework\\src\\Illuminate\\Container\\Container.php(795): Illuminate\\Container\\Container->build('App\\\\Http\\\\Middle...')
#5 H:\\Laravel\\laragon\\www\\wedding-photo-portfolio\\vendor\\laravel\\framework\\src\\Illuminate\\Foundation\\Application.php(933): Illuminate\\Container\\Container->resolve('App\\\\Http\\\\Middle...', Array, true)
#6 H:\\Laravel\\laragon\\www\\wedding-photo-portfolio\\vendor\\laravel\\framework\\src\\Illuminate\\Container\\Container.php(731): Illuminate\\Foundation\\Application->resolve('App\\\\Http\\\\Middle...', Array)
#7 H:\\Laravel\\laragon\\www\\wedding-photo-portfolio\\vendor\\laravel\\framework\\src\\Illuminate\\Foundation\\Application.php(918): Illuminate\\Container\\Container->make('App\\\\Http\\\\Middle...', Array)
#8 H:\\Laravel\\laragon\\www\\wedding-photo-portfolio\\vendor\\laravel\\framework\\src\\Illuminate\\Pipeline\\Pipeline.php(169): Illuminate\\Foundation\\Application->make('App\\\\Http\\\\Middle...')
#9 H:\\Laravel\\laragon\\www\\wedding-photo-portfolio\\vendor\\laravel\\framework\\src\\Illuminate\\Pipeline\\Pipeline.php(116): Illuminate\\Pipeline\\Pipeline->Illuminate\\Pipeline\\{closure}(Object(Illuminate\\Http\\Request))
#10 H:\\Laravel\\laragon\\www\\wedding-photo-portfolio\\vendor\\laravel\\framework\\src\\Illuminate\\Foundation\\Http\\Kernel.php(175): Illuminate\\Pipeline\\Pipeline->then(Object(Closure))
#11 H:\\Laravel\\laragon\\www\\wedding-photo-portfolio\\vendor\\laravel\\framework\\src\\Illuminate\\Foundation\\Http\\Kernel.php(144): Illuminate\\Foundation\\Http\\Kernel->sendRequestThroughRouter(Object(Illuminate\\Http\\Request))
#12 H:\\Laravel\\laragon\\www\\wedding-photo-portfolio\\public\\index.php(52): Illuminate\\Foundation\\Http\\Kernel->handle(Object(Illuminate\\Http\\Request))
#13 H:\\Laravel\\laragon\\www\\wedding-photo-portfolio\\vendor\\laravel\\framework\\src\\Illuminate\\Foundation\\resources\\server.php(16): require_once('H:\\\\Laravel\\\\lara...')
#14 {main}
"} 
[2023-07-06 06:49:17] local.ERROR: Class "Fideloper\Proxy\TrustProxies" not found {"exception":"[object] (Error(code: 0): Class \"Fideloper\\Proxy\\TrustProxies\" not found at H:\\Laravel\\laragon\\www\\wedding-photo-portfolio\\app\\Http\\Middleware\\TrustProxies.php:8)
[stacktrace]
#0 H:\\Laravel\\laragon\\www\\wedding-photo-portfolio\\vendor\\composer\\ClassLoader.php(576): include()
#1 H:\\Laravel\\laragon\\www\\wedding-photo-portfolio\\vendor\\composer\\ClassLoader.php(427): Composer\\Autoload\\{closure}('H:\\\\Laravel\\\\lara...')
#2 [internal function]: Composer\\Autoload\\ClassLoader->loadClass('App\\\\Http\\\\Middle...')
#3 H:\\Laravel\\laragon\\www\\wedding-photo-portfolio\\vendor\\laravel\\framework\\src\\Illuminate\\Container\\Container.php(912): ReflectionClass->__construct('App\\\\Http\\\\Middle...')
#4 H:\\Laravel\\laragon\\www\\wedding-photo-portfolio\\vendor\\laravel\\framework\\src\\Illuminate\\Container\\Container.php(795): Illuminate\\Container\\Container->build('App\\\\Http\\\\Middle...')
#5 H:\\Laravel\\laragon\\www\\wedding-photo-portfolio\\vendor\\laravel\\framework\\src\\Illuminate\\Foundation\\Application.php(933): Illuminate\\Container\\Container->resolve('App\\\\Http\\\\Middle...', Array, true)
#6 H:\\Laravel\\laragon\\www\\wedding-photo-portfolio\\vendor\\laravel\\framework\\src\\Illuminate\\Container\\Container.php(731): Illuminate\\Foundation\\Application->resolve('App\\\\Http\\\\Middle...', Array)
#7 H:\\Laravel\\laragon\\www\\wedding-photo-portfolio\\vendor\\laravel\\framework\\src\\Illuminate\\Foundation\\Application.php(918): Illuminate\\Container\\Container->make('App\\\\Http\\\\Middle...', Array)
#8 H:\\Laravel\\laragon\\www\\wedding-photo-portfolio\\vendor\\laravel\\framework\\src\\Illuminate\\Foundation\\Http\\Kernel.php(255): Illuminate\\Foundation\\Application->make('App\\\\Http\\\\Middle...')
#9 H:\\Laravel\\laragon\\www\\wedding-photo-portfolio\\vendor\\laravel\\framework\\src\\Illuminate\\Foundation\\Http\\Kernel.php(213): Illuminate\\Foundation\\Http\\Kernel->terminateMiddleware(Object(Illuminate\\Http\\Request), Object(Illuminate\\Http\\Response))
#10 H:\\Laravel\\laragon\\www\\wedding-photo-portfolio\\public\\index.php(55): Illuminate\\Foundation\\Http\\Kernel->terminate(Object(Illuminate\\Http\\Request), Object(Illuminate\\Http\\Response))
#11 H:\\Laravel\\laragon\\www\\wedding-photo-portfolio\\vendor\\laravel\\framework\\src\\Illuminate\\Foundation\\resources\\server.php(16): require_once('H:\\\\Laravel\\\\lara...')
#12 {main}
"} 
[2023-07-06 07:21:49] local.ERROR: Target class [App\Http\Middleware\TrustProxies] does not exist. {"exception":"[object] (Illuminate\\Contracts\\Container\\BindingResolutionException(code: 0): Target class [App\\Http\\Middleware\\TrustProxies] does not exist. at H:\\Laravel\\laragon\\www\\wedding-photo-portfolio\\vendor\\laravel\\framework\\src\\Illuminate\\Container\\Container.php:914)
[stacktrace]
#0 H:\\Laravel\\laragon\\www\\wedding-photo-portfolio\\vendor\\laravel\\framework\\src\\Illuminate\\Container\\Container.php(795): Illuminate\\Container\\Container->build('App\\\\Http\\\\Middle...')
#1 H:\\Laravel\\laragon\\www\\wedding-photo-portfolio\\vendor\\laravel\\framework\\src\\Illuminate\\Foundation\\Application.php(933): Illuminate\\Container\\Container->resolve('App\\\\Http\\\\Middle...', Array, true)
#2 H:\\Laravel\\laragon\\www\\wedding-photo-portfolio\\vendor\\laravel\\framework\\src\\Illuminate\\Container\\Container.php(731): Illuminate\\Foundation\\Application->resolve('App\\\\Http\\\\Middle...', Array)
#3 H:\\Laravel\\laragon\\www\\wedding-photo-portfolio\\vendor\\laravel\\framework\\src\\Illuminate\\Foundation\\Application.php(918): Illuminate\\Container\\Container->make('App\\\\Http\\\\Middle...', Array)
#4 H:\\Laravel\\laragon\\www\\wedding-photo-portfolio\\vendor\\laravel\\framework\\src\\Illuminate\\Pipeline\\Pipeline.php(169): Illuminate\\Foundation\\Application->make('App\\\\Http\\\\Middle...')
#5 H:\\Laravel\\laragon\\www\\wedding-photo-portfolio\\vendor\\laravel\\framework\\src\\Illuminate\\Pipeline\\Pipeline.php(116): Illuminate\\Pipeline\\Pipeline->Illuminate\\Pipeline\\{closure}(Object(Illuminate\\Http\\Request))
#6 H:\\Laravel\\laragon\\www\\wedding-photo-portfolio\\vendor\\laravel\\framework\\src\\Illuminate\\Foundation\\Http\\Kernel.php(175): Illuminate\\Pipeline\\Pipeline->then(Object(Closure))
#7 H:\\Laravel\\laragon\\www\\wedding-photo-portfolio\\vendor\\laravel\\framework\\src\\Illuminate\\Foundation\\Http\\Kernel.php(144): Illuminate\\Foundation\\Http\\Kernel->sendRequestThroughRouter(Object(Illuminate\\Http\\Request))
#8 H:\\Laravel\\laragon\\www\\wedding-photo-portfolio\\public\\index.php(52): Illuminate\\Foundation\\Http\\Kernel->handle(Object(Illuminate\\Http\\Request))
#9 H:\\Laravel\\laragon\\www\\wedding-photo-portfolio\\vendor\\laravel\\framework\\src\\Illuminate\\Foundation\\resources\\server.php(16): require_once('H:\\\\Laravel\\\\lara...')
#10 {main}

[previous exception] [object] (ReflectionException(code: -1): Class \"App\\Http\\Middleware\\TrustProxies\" does not exist at H:\\Laravel\\laragon\\www\\wedding-photo-portfolio\\vendor\\laravel\\framework\\src\\Illuminate\\Container\\Container.php:912)
[stacktrace]
#0 H:\\Laravel\\laragon\\www\\wedding-photo-portfolio\\vendor\\laravel\\framework\\src\\Illuminate\\Container\\Container.php(912): ReflectionClass->__construct('App\\\\Http\\\\Middle...')
#1 H:\\Laravel\\laragon\\www\\wedding-photo-portfolio\\vendor\\laravel\\framework\\src\\Illuminate\\Container\\Container.php(795): Illuminate\\Container\\Container->build('App\\\\Http\\\\Middle...')
#2 H:\\Laravel\\laragon\\www\\wedding-photo-portfolio\\vendor\\laravel\\framework\\src\\Illuminate\\Foundation\\Application.php(933): Illuminate\\Container\\Container->resolve('App\\\\Http\\\\Middle...', Array, true)
#3 H:\\Laravel\\laragon\\www\\wedding-photo-portfolio\\vendor\\laravel\\framework\\src\\Illuminate\\Container\\Container.php(731): Illuminate\\Foundation\\Application->resolve('App\\\\Http\\\\Middle...', Array)
#4 H:\\Laravel\\laragon\\www\\wedding-photo-portfolio\\vendor\\laravel\\framework\\src\\Illuminate\\Foundation\\Application.php(918): Illuminate\\Container\\Container->make('App\\\\Http\\\\Middle...', Array)
#5 H:\\Laravel\\laragon\\www\\wedding-photo-portfolio\\vendor\\laravel\\framework\\src\\Illuminate\\Pipeline\\Pipeline.php(169): Illuminate\\Foundation\\Application->make('App\\\\Http\\\\Middle...')
#6 H:\\Laravel\\laragon\\www\\wedding-photo-portfolio\\vendor\\laravel\\framework\\src\\Illuminate\\Pipeline\\Pipeline.php(116): Illuminate\\Pipeline\\Pipeline->Illuminate\\Pipeline\\{closure}(Object(Illuminate\\Http\\Request))
#7 H:\\Laravel\\laragon\\www\\wedding-photo-portfolio\\vendor\\laravel\\framework\\src\\Illuminate\\Foundation\\Http\\Kernel.php(175): Illuminate\\Pipeline\\Pipeline->then(Object(Closure))
#8 H:\\Laravel\\laragon\\www\\wedding-photo-portfolio\\vendor\\laravel\\framework\\src\\Illuminate\\Foundation\\Http\\Kernel.php(144): Illuminate\\Foundation\\Http\\Kernel->sendRequestThroughRouter(Object(Illuminate\\Http\\Request))
#9 H:\\Laravel\\laragon\\www\\wedding-photo-portfolio\\public\\index.php(52): Illuminate\\Foundation\\Http\\Kernel->handle(Object(Illuminate\\Http\\Request))
#10 H:\\Laravel\\laragon\\www\\wedding-photo-portfolio\\vendor\\laravel\\framework\\src\\Illuminate\\Foundation\\resources\\server.php(16): require_once('H:\\\\Laravel\\\\lara...')
#11 {main}
"} 
[2023-07-06 07:21:50] local.ERROR: Target class [App\Http\Middleware\TrustProxies] does not exist. {"exception":"[object] (Illuminate\\Contracts\\Container\\BindingResolutionException(code: 0): Target class [App\\Http\\Middleware\\TrustProxies] does not exist. at H:\\Laravel\\laragon\\www\\wedding-photo-portfolio\\vendor\\laravel\\framework\\src\\Illuminate\\Container\\Container.php:914)
[stacktrace]
#0 H:\\Laravel\\laragon\\www\\wedding-photo-portfolio\\vendor\\laravel\\framework\\src\\Illuminate\\Container\\Container.php(795): Illuminate\\Container\\Container->build('App\\\\Http\\\\Middle...')
#1 H:\\Laravel\\laragon\\www\\wedding-photo-portfolio\\vendor\\laravel\\framework\\src\\Illuminate\\Foundation\\Application.php(933): Illuminate\\Container\\Container->resolve('App\\\\Http\\\\Middle...', Array, true)
#2 H:\\Laravel\\laragon\\www\\wedding-photo-portfolio\\vendor\\laravel\\framework\\src\\Illuminate\\Container\\Container.php(731): Illuminate\\Foundation\\Application->resolve('App\\\\Http\\\\Middle...', Array)
#3 H:\\Laravel\\laragon\\www\\wedding-photo-portfolio\\vendor\\laravel\\framework\\src\\Illuminate\\Foundation\\Application.php(918): Illuminate\\Container\\Container->make('App\\\\Http\\\\Middle...', Array)
#4 H:\\Laravel\\laragon\\www\\wedding-photo-portfolio\\vendor\\laravel\\framework\\src\\Illuminate\\Foundation\\Http\\Kernel.php(255): Illuminate\\Foundation\\Application->make('App\\\\Http\\\\Middle...')
#5 H:\\Laravel\\laragon\\www\\wedding-photo-portfolio\\vendor\\laravel\\framework\\src\\Illuminate\\Foundation\\Http\\Kernel.php(213): Illuminate\\Foundation\\Http\\Kernel->terminateMiddleware(Object(Illuminate\\Http\\Request), Object(Illuminate\\Http\\Response))
#6 H:\\Laravel\\laragon\\www\\wedding-photo-portfolio\\public\\index.php(55): Illuminate\\Foundation\\Http\\Kernel->terminate(Object(Illuminate\\Http\\Request), Object(Illuminate\\Http\\Response))
#7 H:\\Laravel\\laragon\\www\\wedding-photo-portfolio\\vendor\\laravel\\framework\\src\\Illuminate\\Foundation\\resources\\server.php(16): require_once('H:\\\\Laravel\\\\lara...')
#8 {main}

[previous exception] [object] (ReflectionException(code: -1): Class \"App\\Http\\Middleware\\TrustProxies\" does not exist at H:\\Laravel\\laragon\\www\\wedding-photo-portfolio\\vendor\\laravel\\framework\\src\\Illuminate\\Container\\Container.php:912)
[stacktrace]
#0 H:\\Laravel\\laragon\\www\\wedding-photo-portfolio\\vendor\\laravel\\framework\\src\\Illuminate\\Container\\Container.php(912): ReflectionClass->__construct('App\\\\Http\\\\Middle...')
#1 H:\\Laravel\\laragon\\www\\wedding-photo-portfolio\\vendor\\laravel\\framework\\src\\Illuminate\\Container\\Container.php(795): Illuminate\\Container\\Container->build('App\\\\Http\\\\Middle...')
#2 H:\\Laravel\\laragon\\www\\wedding-photo-portfolio\\vendor\\laravel\\framework\\src\\Illuminate\\Foundation\\Application.php(933): Illuminate\\Container\\Container->resolve('App\\\\Http\\\\Middle...', Array, true)
#3 H:\\Laravel\\laragon\\www\\wedding-photo-portfolio\\vendor\\laravel\\framework\\src\\Illuminate\\Container\\Container.php(731): Illuminate\\Foundation\\Application->resolve('App\\\\Http\\\\Middle...', Array)
#4 H:\\Laravel\\laragon\\www\\wedding-photo-portfolio\\vendor\\laravel\\framework\\src\\Illuminate\\Foundation\\Application.php(918): Illuminate\\Container\\Container->make('App\\\\Http\\\\Middle...', Array)
#5 H:\\Laravel\\laragon\\www\\wedding-photo-portfolio\\vendor\\laravel\\framework\\src\\Illuminate\\Foundation\\Http\\Kernel.php(255): Illuminate\\Foundation\\Application->make('App\\\\Http\\\\Middle...')
#6 H:\\Laravel\\laragon\\www\\wedding-photo-portfolio\\vendor\\laravel\\framework\\src\\Illuminate\\Foundation\\Http\\Kernel.php(213): Illuminate\\Foundation\\Http\\Kernel->terminateMiddleware(Object(Illuminate\\Http\\Request), Object(Illuminate\\Http\\Response))
#7 H:\\Laravel\\laragon\\www\\wedding-photo-portfolio\\public\\index.php(55): Illuminate\\Foundation\\Http\\Kernel->terminate(Object(Illuminate\\Http\\Request), Object(Illuminate\\Http\\Response))
#8 H:\\Laravel\\laragon\\www\\wedding-photo-portfolio\\vendor\\laravel\\framework\\src\\Illuminate\\Foundation\\resources\\server.php(16): require_once('H:\\\\Laravel\\\\lara...')
#9 {main}
"} 
[2023-07-06 07:23:39] local.ERROR: Target class [Fruitcake\Cors\HandleCors] does not exist. {"exception":"[object] (Illuminate\\Contracts\\Container\\BindingResolutionException(code: 0): Target class [Fruitcake\\Cors\\HandleCors] does not exist. at H:\\Laravel\\laragon\\www\\wedding-photo-portfolio\\vendor\\laravel\\framework\\src\\Illuminate\\Container\\Container.php:914)
[stacktrace]
#0 H:\\Laravel\\laragon\\www\\wedding-photo-portfolio\\vendor\\laravel\\framework\\src\\Illuminate\\Container\\Container.php(795): Illuminate\\Container\\Container->build('Fruitcake\\\\Cors\\\\...')
#1 H:\\Laravel\\laragon\\www\\wedding-photo-portfolio\\vendor\\laravel\\framework\\src\\Illuminate\\Foundation\\Application.php(933): Illuminate\\Container\\Container->resolve('Fruitcake\\\\Cors\\\\...', Array, true)
#2 H:\\Laravel\\laragon\\www\\wedding-photo-portfolio\\vendor\\laravel\\framework\\src\\Illuminate\\Container\\Container.php(731): Illuminate\\Foundation\\Application->resolve('Fruitcake\\\\Cors\\\\...', Array)
#3 H:\\Laravel\\laragon\\www\\wedding-photo-portfolio\\vendor\\laravel\\framework\\src\\Illuminate\\Foundation\\Application.php(918): Illuminate\\Container\\Container->make('Fruitcake\\\\Cors\\\\...', Array)
#4 H:\\Laravel\\laragon\\www\\wedding-photo-portfolio\\vendor\\laravel\\framework\\src\\Illuminate\\Pipeline\\Pipeline.php(169): Illuminate\\Foundation\\Application->make('Fruitcake\\\\Cors\\\\...')
#5 H:\\Laravel\\laragon\\www\\wedding-photo-portfolio\\vendor\\laravel\\framework\\src\\Illuminate\\Http\\Middleware\\TrustProxies.php(39): Illuminate\\Pipeline\\Pipeline->Illuminate\\Pipeline\\{closure}(Object(Illuminate\\Http\\Request))
#6 H:\\Laravel\\laragon\\www\\wedding-photo-portfolio\\vendor\\laravel\\framework\\src\\Illuminate\\Pipeline\\Pipeline.php(180): Illuminate\\Http\\Middleware\\TrustProxies->handle(Object(Illuminate\\Http\\Request), Object(Closure))
#7 H:\\Laravel\\laragon\\www\\wedding-photo-portfolio\\vendor\\laravel\\framework\\src\\Illuminate\\Pipeline\\Pipeline.php(116): Illuminate\\Pipeline\\Pipeline->Illuminate\\Pipeline\\{closure}(Object(Illuminate\\Http\\Request))
#8 H:\\Laravel\\laragon\\www\\wedding-photo-portfolio\\vendor\\laravel\\framework\\src\\Illuminate\\Foundation\\Http\\Kernel.php(175): Illuminate\\Pipeline\\Pipeline->then(Object(Closure))
#9 H:\\Laravel\\laragon\\www\\wedding-photo-portfolio\\vendor\\laravel\\framework\\src\\Illuminate\\Foundation\\Http\\Kernel.php(144): Illuminate\\Foundation\\Http\\Kernel->sendRequestThroughRouter(Object(Illuminate\\Http\\Request))
#10 H:\\Laravel\\laragon\\www\\wedding-photo-portfolio\\public\\index.php(52): Illuminate\\Foundation\\Http\\Kernel->handle(Object(Illuminate\\Http\\Request))
#11 H:\\Laravel\\laragon\\www\\wedding-photo-portfolio\\vendor\\laravel\\framework\\src\\Illuminate\\Foundation\\resources\\server.php(16): require_once('H:\\\\Laravel\\\\lara...')
#12 {main}

[previous exception] [object] (ReflectionException(code: -1): Class \"Fruitcake\\Cors\\HandleCors\" does not exist at H:\\Laravel\\laragon\\www\\wedding-photo-portfolio\\vendor\\laravel\\framework\\src\\Illuminate\\Container\\Container.php:912)
[stacktrace]
#0 H:\\Laravel\\laragon\\www\\wedding-photo-portfolio\\vendor\\laravel\\framework\\src\\Illuminate\\Container\\Container.php(912): ReflectionClass->__construct('Fruitcake\\\\Cors\\\\...')
#1 H:\\Laravel\\laragon\\www\\wedding-photo-portfolio\\vendor\\laravel\\framework\\src\\Illuminate\\Container\\Container.php(795): Illuminate\\Container\\Container->build('Fruitcake\\\\Cors\\\\...')
#2 H:\\Laravel\\laragon\\www\\wedding-photo-portfolio\\vendor\\laravel\\framework\\src\\Illuminate\\Foundation\\Application.php(933): Illuminate\\Container\\Container->resolve('Fruitcake\\\\Cors\\\\...', Array, true)
#3 H:\\Laravel\\laragon\\www\\wedding-photo-portfolio\\vendor\\laravel\\framework\\src\\Illuminate\\Container\\Container.php(731): Illuminate\\Foundation\\Application->resolve('Fruitcake\\\\Cors\\\\...', Array)
#4 H:\\Laravel\\laragon\\www\\wedding-photo-portfolio\\vendor\\laravel\\framework\\src\\Illuminate\\Foundation\\Application.php(918): Illuminate\\Container\\Container->make('Fruitcake\\\\Cors\\\\...', Array)
#5 H:\\Laravel\\laragon\\www\\wedding-photo-portfolio\\vendor\\laravel\\framework\\src\\Illuminate\\Pipeline\\Pipeline.php(169): Illuminate\\Foundation\\Application->make('Fruitcake\\\\Cors\\\\...')
#6 H:\\Laravel\\laragon\\www\\wedding-photo-portfolio\\vendor\\laravel\\framework\\src\\Illuminate\\Http\\Middleware\\TrustProxies.php(39): Illuminate\\Pipeline\\Pipeline->Illuminate\\Pipeline\\{closure}(Object(Illuminate\\Http\\Request))
#7 H:\\Laravel\\laragon\\www\\wedding-photo-portfolio\\vendor\\laravel\\framework\\src\\Illuminate\\Pipeline\\Pipeline.php(180): Illuminate\\Http\\Middleware\\TrustProxies->handle(Object(Illuminate\\Http\\Request), Object(Closure))
#8 H:\\Laravel\\laragon\\www\\wedding-photo-portfolio\\vendor\\laravel\\framework\\src\\Illuminate\\Pipeline\\Pipeline.php(116): Illuminate\\Pipeline\\Pipeline->Illuminate\\Pipeline\\{closure}(Object(Illuminate\\Http\\Request))
#9 H:\\Laravel\\laragon\\www\\wedding-photo-portfolio\\vendor\\laravel\\framework\\src\\Illuminate\\Foundation\\Http\\Kernel.php(175): Illuminate\\Pipeline\\Pipeline->then(Object(Closure))
#10 H:\\Laravel\\laragon\\www\\wedding-photo-portfolio\\vendor\\laravel\\framework\\src\\Illuminate\\Foundation\\Http\\Kernel.php(144): Illuminate\\Foundation\\Http\\Kernel->sendRequestThroughRouter(Object(Illuminate\\Http\\Request))
#11 H:\\Laravel\\laragon\\www\\wedding-photo-portfolio\\public\\index.php(52): Illuminate\\Foundation\\Http\\Kernel->handle(Object(Illuminate\\Http\\Request))
#12 H:\\Laravel\\laragon\\www\\wedding-photo-portfolio\\vendor\\laravel\\framework\\src\\Illuminate\\Foundation\\resources\\server.php(16): require_once('H:\\\\Laravel\\\\lara...')
#13 {main}
"} 
[2023-07-06 07:23:39] local.ERROR: Target class [Fruitcake\Cors\HandleCors] does not exist. {"exception":"[object] (Illuminate\\Contracts\\Container\\BindingResolutionException(code: 0): Target class [Fruitcake\\Cors\\HandleCors] does not exist. at H:\\Laravel\\laragon\\www\\wedding-photo-portfolio\\vendor\\laravel\\framework\\src\\Illuminate\\Container\\Container.php:914)
[stacktrace]
#0 H:\\Laravel\\laragon\\www\\wedding-photo-portfolio\\vendor\\laravel\\framework\\src\\Illuminate\\Container\\Container.php(795): Illuminate\\Container\\Container->build('Fruitcake\\\\Cors\\\\...')
#1 H:\\Laravel\\laragon\\www\\wedding-photo-portfolio\\vendor\\laravel\\framework\\src\\Illuminate\\Foundation\\Application.php(933): Illuminate\\Container\\Container->resolve('Fruitcake\\\\Cors\\\\...', Array, true)
#2 H:\\Laravel\\laragon\\www\\wedding-photo-portfolio\\vendor\\laravel\\framework\\src\\Illuminate\\Container\\Container.php(731): Illuminate\\Foundation\\Application->resolve('Fruitcake\\\\Cors\\\\...', Array)
#3 H:\\Laravel\\laragon\\www\\wedding-photo-portfolio\\vendor\\laravel\\framework\\src\\Illuminate\\Foundation\\Application.php(918): Illuminate\\Container\\Container->make('Fruitcake\\\\Cors\\\\...', Array)
#4 H:\\Laravel\\laragon\\www\\wedding-photo-portfolio\\vendor\\laravel\\framework\\src\\Illuminate\\Foundation\\Http\\Kernel.php(255): Illuminate\\Foundation\\Application->make('Fruitcake\\\\Cors\\\\...')
#5 H:\\Laravel\\laragon\\www\\wedding-photo-portfolio\\vendor\\laravel\\framework\\src\\Illuminate\\Foundation\\Http\\Kernel.php(213): Illuminate\\Foundation\\Http\\Kernel->terminateMiddleware(Object(Illuminate\\Http\\Request), Object(Illuminate\\Http\\Response))
#6 H:\\Laravel\\laragon\\www\\wedding-photo-portfolio\\public\\index.php(55): Illuminate\\Foundation\\Http\\Kernel->terminate(Object(Illuminate\\Http\\Request), Object(Illuminate\\Http\\Response))
#7 H:\\Laravel\\laragon\\www\\wedding-photo-portfolio\\vendor\\laravel\\framework\\src\\Illuminate\\Foundation\\resources\\server.php(16): require_once('H:\\\\Laravel\\\\lara...')
#8 {main}

[previous exception] [object] (ReflectionException(code: -1): Class \"Fruitcake\\Cors\\HandleCors\" does not exist at H:\\Laravel\\laragon\\www\\wedding-photo-portfolio\\vendor\\laravel\\framework\\src\\Illuminate\\Container\\Container.php:912)
[stacktrace]
#0 H:\\Laravel\\laragon\\www\\wedding-photo-portfolio\\vendor\\laravel\\framework\\src\\Illuminate\\Container\\Container.php(912): ReflectionClass->__construct('Fruitcake\\\\Cors\\\\...')
#1 H:\\Laravel\\laragon\\www\\wedding-photo-portfolio\\vendor\\laravel\\framework\\src\\Illuminate\\Container\\Container.php(795): Illuminate\\Container\\Container->build('Fruitcake\\\\Cors\\\\...')
#2 H:\\Laravel\\laragon\\www\\wedding-photo-portfolio\\vendor\\laravel\\framework\\src\\Illuminate\\Foundation\\Application.php(933): Illuminate\\Container\\Container->resolve('Fruitcake\\\\Cors\\\\...', Array, true)
#3 H:\\Laravel\\laragon\\www\\wedding-photo-portfolio\\vendor\\laravel\\framework\\src\\Illuminate\\Container\\Container.php(731): Illuminate\\Foundation\\Application->resolve('Fruitcake\\\\Cors\\\\...', Array)
#4 H:\\Laravel\\laragon\\www\\wedding-photo-portfolio\\vendor\\laravel\\framework\\src\\Illuminate\\Foundation\\Application.php(918): Illuminate\\Container\\Container->make('Fruitcake\\\\Cors\\\\...', Array)
#5 H:\\Laravel\\laragon\\www\\wedding-photo-portfolio\\vendor\\laravel\\framework\\src\\Illuminate\\Foundation\\Http\\Kernel.php(255): Illuminate\\Foundation\\Application->make('Fruitcake\\\\Cors\\\\...')
#6 H:\\Laravel\\laragon\\www\\wedding-photo-portfolio\\vendor\\laravel\\framework\\src\\Illuminate\\Foundation\\Http\\Kernel.php(213): Illuminate\\Foundation\\Http\\Kernel->terminateMiddleware(Object(Illuminate\\Http\\Request), Object(Illuminate\\Http\\Response))
#7 H:\\Laravel\\laragon\\www\\wedding-photo-portfolio\\public\\index.php(55): Illuminate\\Foundation\\Http\\Kernel->terminate(Object(Illuminate\\Http\\Request), Object(Illuminate\\Http\\Response))
#8 H:\\Laravel\\laragon\\www\\wedding-photo-portfolio\\vendor\\laravel\\framework\\src\\Illuminate\\Foundation\\resources\\server.php(16): require_once('H:\\\\Laravel\\\\lara...')
#9 {main}
"} 
[2023-07-06 07:25:22] local.ERROR: Trait "Spatie\MediaLibrary\InteractsWithMedia" not found {"userId":1,"exception":"[object] (Symfony\\Component\\ErrorHandler\\Error\\FatalError(code: 0): Trait \"Spatie\\MediaLibrary\\InteractsWithMedia\" not found at H:\\Laravel\\laragon\\www\\wedding-photo-portfolio\\app\\Models\\Album.php:12)
[stacktrace]
#0 {main}
"} 
